2014/10/26 19:38:55 にビルドを開始しました。
     1>ノード 2 上のプロジェクト "C:\Users\vantan\Desktop\チーム（授業）\チーム（授業）\ChallengeBasic.vcxproj" (Build ターゲット)。
     1>ClCompile:
         C:\Program Files (x86)\Microsoft Visual Studio 12.0\VC\bin\CL.exe /c /ZI /nologo /W3 /WX- /Od /Oy- /D WIN32 /D _DEBUG /D _WINDOWS /D DEBUG /D _ITERATOR_DEBUG_LEVEL=0 /D PRODUCT_NAME=ChallengeBasic /Gm- /EHsc /RTC1 /MDd /GS /fp:precise /Zc:wchar_t /Zc:forScope /Fo"Debug\\" /Fd"Debug\vc120.pdb" /Gd /TP /analyze- /errorReport:prompt src\EnemyManager.cpp
         EnemyManager.cpp
       Link:
         C:\Program Files (x86)\Microsoft Visual Studio 12.0\VC\bin\link.exe /ERRORREPORT:PROMPT /OUT:"C:\Users\vantan\Desktop\チーム（授業）\チーム（授業）\ChallengeBasic.exe" /INCREMENTAL /NOLOGO kernel32.lib user32.lib gdi32.lib winspool.lib comdlg32.lib advapi32.lib shell32.lib ole32.lib oleaut32.lib uuid.lib odbc32.lib odbccp32.lib /MANIFEST /MANIFESTUAC:"level='asInvoker' uiAccess='false'" /manifest:embed /DEBUG /PDB:"C:\Users\vantan\Desktop\チーム（授業）\チーム（授業）\ChallengeBasic.pdb" /SUBSYSTEM:WINDOWS /TLBID:1 /ENTRY:"mainCRTStartup" /DYNAMICBASE /NXCOMPAT /IMPLIB:"C:\Users\vantan\Desktop\チーム（授業）\チーム（授業）\ChallengeBasic.lib" /MACHINE:X86 Debug\background.obj
         Debug\Collision.obj
         Debug\Enemy.obj
         Debug\EnemyManager.obj
         Debug\EShot.obj
         Debug\Etc.obj
         Debug\appEnv.obj
         Debug\audio.obj
         Debug\camera2D.obj
         Debug\fileUtil.obj
         Debug\glExt.obj
         Debug\glfwWindow.obj
         Debug\graph.obj
         Debug\matrix.obj
         Debug\os_win.obj
         Debug\png.obj
         Debug\random.obj
         Debug\texture.obj
         Debug\utils.obj
         Debug\wav.obj
         Debug\main.obj
         Debug\Player.obj
         Debug\Shot.obj
         ChallengeBasic.vcxproj -> C:\Users\vantan\Desktop\チーム（授業）\チーム（授業）\ChallengeBasic.exe
     1>プロジェクト "C:\Users\vantan\Desktop\チーム（授業）\チーム（授業）\ChallengeBasic.vcxproj" (Build ターゲット) のビルドが完了しました。

ビルドに成功しました。

経過時間 00:00:01.89
